0 info it worked if it ends with ok
1 verbose cli [ '/usr/local/bin/node',
1 verbose cli   '/usr/local/bin/npm',
1 verbose cli   'install',
1 verbose cli   '--save-dev',
1 verbose cli   'devtron' ]
2 info using npm@3.10.9
3 info using node@v4.6.1
4 silly loadCurrentTree Starting
5 silly install loadCurrentTree
6 silly install readLocalPackageData
7 silly fetchPackageMetaData devtron
8 silly fetchNamedPackageData devtron
9 silly mapToRegistry name devtron
10 silly mapToRegistry using default registry
11 silly mapToRegistry registry https://registry.npmjs.org/
12 silly mapToRegistry data Result {
12 silly mapToRegistry   raw: 'devtron',
12 silly mapToRegistry   scope: null,
12 silly mapToRegistry   escapedName: 'devtron',
12 silly mapToRegistry   name: 'devtron',
12 silly mapToRegistry   rawSpec: '',
12 silly mapToRegistry   spec: 'latest',
12 silly mapToRegistry   type: 'tag' }
13 silly mapToRegistry uri https://registry.npmjs.org/devtron
14 verbose request uri https://registry.npmjs.org/devtron
15 verbose request no auth needed
16 info attempt registry request try #1 at 3:28:22 PM
17 verbose request id 3d75b156fd106696
18 http request GET https://registry.npmjs.org/devtron
19 http 200 https://registry.npmjs.org/devtron
20 verbose headers { server: 'nginx/1.10.1',
20 verbose headers   'content-type': 'application/json',
20 verbose headers   'last-modified': 'Fri, 04 Nov 2016 19:17:03 GMT',
20 verbose headers   etag: 'W/"581cdeaf-545e"',
20 verbose headers   'content-encoding': 'gzip',
20 verbose headers   'cache-control': 'max-age=300',
20 verbose headers   'content-length': '4063',
20 verbose headers   'accept-ranges': 'bytes',
20 verbose headers   date: 'Tue, 15 Nov 2016 20:28:22 GMT',
20 verbose headers   via: '1.1 varnish',
20 verbose headers   age: '123',
20 verbose headers   connection: 'keep-alive',
20 verbose headers   'x-served-by': 'cache-iad2146-IAD',
20 verbose headers   'x-cache': 'HIT',
20 verbose headers   'x-cache-hits': '1',
20 verbose headers   'x-timer': 'S1479241702.775631,VS0,VE0',
20 verbose headers   vary: 'Accept-Encoding' }
21 silly get cb [ 200,
21 silly get   { server: 'nginx/1.10.1',
21 silly get     'content-type': 'application/json',
21 silly get     'last-modified': 'Fri, 04 Nov 2016 19:17:03 GMT',
21 silly get     etag: 'W/"581cdeaf-545e"',
21 silly get     'content-encoding': 'gzip',
21 silly get     'cache-control': 'max-age=300',
21 silly get     'content-length': '4063',
21 silly get     'accept-ranges': 'bytes',
21 silly get     date: 'Tue, 15 Nov 2016 20:28:22 GMT',
21 silly get     via: '1.1 varnish',
21 silly get     age: '123',
21 silly get     connection: 'keep-alive',
21 silly get     'x-served-by': 'cache-iad2146-IAD',
21 silly get     'x-cache': 'HIT',
21 silly get     'x-cache-hits': '1',
21 silly get     'x-timer': 'S1479241702.775631,VS0,VE0',
21 silly get     vary: 'Accept-Encoding' } ]
22 verbose get saving devtron to /Users/marketingautomation/.npm/registry.npmjs.org/devtron/.cache.json
23 verbose correctMkdir /Users/marketingautomation/.npm correctMkdir not in flight; initializing
24 silly install normalizeTree
25 silly loadCurrentTree Finishing
26 silly loadIdealTree Starting
27 silly install loadIdealTree
28 silly cloneCurrentTree Starting
29 silly install cloneCurrentTreeToIdealTree
30 silly cloneCurrentTree Finishing
31 silly loadShrinkwrap Starting
32 silly install loadShrinkwrap
33 silly loadShrinkwrap Finishing
34 silly loadAllDepsIntoIdealTree Starting
35 silly install loadAllDepsIntoIdealTree
36 silly resolveWithNewModule devtron@1.4.0 checking installable status
37 silly cache add args [ 'devtron', null ]
38 verbose cache add spec devtron
39 silly cache add parsed spec Result {
39 silly cache add   raw: 'devtron',
39 silly cache add   scope: null,
39 silly cache add   escapedName: 'devtron',
39 silly cache add   name: 'devtron',
39 silly cache add   rawSpec: '',
39 silly cache add   spec: 'latest',
39 silly cache add   type: 'tag' }
40 silly addNamed devtron@latest
41 verbose addNamed "latest" is being treated as a dist-tag for devtron
42 info addNameTag [ 'devtron', 'latest' ]
43 silly mapToRegistry name devtron
44 silly mapToRegistry using default registry
45 silly mapToRegistry registry https://registry.npmjs.org/
46 silly mapToRegistry data Result {
46 silly mapToRegistry   raw: 'devtron',
46 silly mapToRegistry   scope: null,
46 silly mapToRegistry   escapedName: 'devtron',
46 silly mapToRegistry   name: 'devtron',
46 silly mapToRegistry   rawSpec: '',
46 silly mapToRegistry   spec: 'latest',
46 silly mapToRegistry   type: 'tag' }
47 silly mapToRegistry uri https://registry.npmjs.org/devtron
48 verbose addNameTag registry:https://registry.npmjs.org/devtron not in flight; fetching
49 verbose get https://registry.npmjs.org/devtron not expired, no request
50 silly addNameTag next cb for devtron with tag latest
51 silly addNamed devtron@1.4.0
52 verbose addNamed "1.4.0" is a plain semver version for devtron
53 silly mapToRegistry name devtron
54 silly mapToRegistry using default registry
55 silly mapToRegistry registry https://registry.npmjs.org/
56 silly mapToRegistry data Result {
56 silly mapToRegistry   raw: 'devtron',
56 silly mapToRegistry   scope: null,
56 silly mapToRegistry   escapedName: 'devtron',
56 silly mapToRegistry   name: 'devtron',
56 silly mapToRegistry   rawSpec: '',
56 silly mapToRegistry   spec: 'latest',
56 silly mapToRegistry   type: 'tag' }
57 silly mapToRegistry uri https://registry.npmjs.org/devtron
58 verbose addRemoteTarball https://registry.npmjs.org/devtron/-/devtron-1.4.0.tgz not in flight; adding
59 verbose addRemoteTarball [ 'https://registry.npmjs.org/devtron/-/devtron-1.4.0.tgz',
59 verbose addRemoteTarball   'b5e748bd6e95bbe70bfcc68aae6fe696119441e1' ]
60 info retry fetch attempt 1 at 3:28:30 PM
61 info attempt registry request try #1 at 3:28:30 PM
62 http fetch GET https://registry.npmjs.org/devtron/-/devtron-1.4.0.tgz
63 http fetch 200 https://registry.npmjs.org/devtron/-/devtron-1.4.0.tgz
64 info retry will retry, error on last attempt: Error: read ECONNRESET
65 silly fetchAndShaCheck shasum b5e748bd6e95bbe70bfcc68aae6fe696119441e1
66 silly rollbackFailedOptional Starting
67 silly rollbackFailedOptional Finishing
68 silly runTopLevelLifecycles Finishing
69 silly install printInstalled
70 verbose stack Error: shasum check failed for /var/folders/9k/bxfz6bn90m71_h5vjl5c_wp40000gn/T/npm-4940-be6b8c91/registry.npmjs.org/devtron/-/devtron-1.4.0.tgz
70 verbose stack Expected: b5e748bd6e95bbe70bfcc68aae6fe696119441e1
70 verbose stack Actual:   bcb66bf92fd39aaa5e7379a838ac5ee5b23c0634
70 verbose stack From:     https://registry.npmjs.org/devtron/-/devtron-1.4.0.tgz
70 verbose stack     at /usr/local/lib/node_modules/npm/node_modules/sha/index.js:25:8
70 verbose stack     at ReadStream.<anonymous> (/usr/local/lib/node_modules/npm/node_modules/sha/index.js:72:7)
70 verbose stack     at emitNone (events.js:72:20)
70 verbose stack     at ReadStream.emit (events.js:166:7)
70 verbose stack     at endReadableNT (_stream_readable.js:921:12)
70 verbose stack     at nextTickCallbackWith2Args (node.js:442:9)
70 verbose stack     at process._tickCallback (node.js:356:17)
71 verbose cwd /Users/marketingautomation/Documents/JulianProy/ProyectoPaP
72 error Darwin 16.1.0
73 error argv "/usr/local/bin/node" "/usr/local/bin/npm" "install" "--save-dev" "devtron"
74 error node v4.6.1
75 error npm  v3.10.9
76 error shasum check failed for /var/folders/9k/bxfz6bn90m71_h5vjl5c_wp40000gn/T/npm-4940-be6b8c91/registry.npmjs.org/devtron/-/devtron-1.4.0.tgz
76 error Expected: b5e748bd6e95bbe70bfcc68aae6fe696119441e1
76 error Actual:   bcb66bf92fd39aaa5e7379a838ac5ee5b23c0634
76 error From:     https://registry.npmjs.org/devtron/-/devtron-1.4.0.tgz
77 error If you need help, you may report this error at:
77 error     <https://github.com/npm/npm/issues>
78 verbose exit [ 1, true ]
